<?xml version="1.0" encoding="UTF-8"?>
<!-- Generated by org.testng.reporters.JUnitReportReporter -->
<testsuite hostname="DESKTOP-Q7GGFVF" failures="0" tests="3" name="com.sgtesting.tests.Users" time="0.029" errors="0" timestamp="2023-04-07T09:12:57 IST" skipped="0">
  <testcase classname="com.sgtesting.tests.Users" name="method2" time="0.002"/>
  <system-out/>
  <testcase classname="com.sgtesting.tests.Users" name="method3" time="0.010"/>
  <system-out/>
  <testcase classname="com.sgtesting.tests.Users" name="method1" time="0.017"/>
  <system-out/>
</testsuite> <!-- com.sgtesting.tests.Users -->
